<?xml version="1.0" encoding="UTF-8"?>
<testsuite errors="0" failures="0" name="ModuleExperimentTestCase2-20150523220839" tests="29" time="1.993">
	<properties/>
	<system-out>
<![CDATA[

REQUEST: EXPERIMENT/START
Checking request...
Request is NOT empty! Checking request's JSON...
Request has JSON data!
Checking generous format...
Incorrect format of keywords!


REQUEST: EXPERIMENT/START
Checking request...
Request is NOT empty! Checking request's JSON...
Request has JSON data!
Checking generous format...
Incorrect format of keywords!


REQUEST: EXPERIMENT/STOP


REQUEST: MOTOR/MOVE AWAY
Moving object away...
Success!


REQUEST: MOTOR/MOVE BACK
Moving object back...
Success!


REQUEST: MOTOR/RESET ANGLE POSITION
Resetting angle position...
Success!


REQUEST: MOTOR/SET ANGLE POSITION
Checking request...
Request is NOT empty! Checking request's JSON...
Request has JSON data!
Going to set new angle position...
Setting value -5690.0...
Success!


REQUEST: MOTOR/SET HORIZONTAL POSITION
Checking request...
Request is NOT empty! Checking request's JSON...
Request has JSON data!
Going to set new horizontal position...
Setting value 10000.0...
Position must have value from -30 to 30


REQUEST: MOTOR/SET HORIZONTAL POSITION
Checking request...
Request is NOT empty! Checking request's JSON...
Request has JSON data!
Going to set new horizontal position...
Setting value -10000.0...
Position must have value from -30 to 30


REQUEST: MOTOR/SET HORIZONTAL POSITION
Checking request...
Request is NOT empty! Checking request's JSON...
Request has JSON data!
Going to set new horizontal position...
Setting value 40.0...
Success!


REQUEST: MOTOR/SET VERTICAL POSITION
Checking request...
Request is NOT empty! Checking request's JSON...
Request has JSON data!
Going to set new vertical position...
Setting value 10000.0...
Position must have value from -30 to 30


REQUEST: MOTOR/SET VERTICAL POSITION
Checking request...
Request is NOT empty! Checking request's JSON...
Request has JSON data!
Going to set new vertical position...
Setting value -10000.0...
Position must have value from -30 to 30


REQUEST: MOTOR/SET VERTICAL POSITION
Checking request...
Request is NOT empty! Checking request's JSON...
Request has JSON data!
Going to set new vertical position...
Setting value 40.0...
Success!


REQUEST: SHUTTER/CLOSE
Closing shutter...
Success!


REQUEST: SHUTTER/CLOSE
Closing shutter...
Success!


REQUEST: SHUTTER/OPEN
Opening shutter...
Success!


REQUEST: SHUTTER/OPEN
Opening shutter...
Success!


REQUEST: SOURCE/POWER OFF
Powering off source...
Success!


REQUEST: SOURCE/POWER ON
Powering on source...
Success!


REQUEST: SOURCE/SET CURRENT
Checking request...
Request is NOT empty! Checking request's JSON...
Request has JSON data!
Checking format...
Format is correct, new current value is 85.7...
Current must have value from 2 to 60!


REQUEST: SOURCE/SET CURRENT
Checking request...
Request is NOT empty! Checking request's JSON...
Request has JSON data!
Checking format...
Format is correct, new current value is 0.1...
Current must have value from 2 to 60!


REQUEST: SOURCE/SET CURRENT
Checking request...
Request is NOT empty! Checking request's JSON...
Request has JSON data!
Checking format...
Format is correct, new current value is 40.0...
Parameters are normal, setting new current...
Success!


REQUEST: SOURCE/SET VOLTAGE
Checking request...
Request is NOT empty! Checking request's JSON...
Request has JSON data!
Checking format...
Format is correct, new voltage value is 85.7...
Voltage must have value from 2 to 60!


REQUEST: SOURCE/SET VOLTAGE
Checking request...
Request is NOT empty! Checking request's JSON...
Request has JSON data!
Checking format...
Format is correct, new voltage value is 0.1...
Voltage must have value from 2 to 60!


REQUEST: SOURCE/SET VOLTAGE
Checking request...
Request is NOT empty! Checking request's JSON...
Request has JSON data!
Checking format...
Format is correct, new voltage value is 40.0...
Parameters are normal, setting new voltage...
Success!
]]>	</system-out>
	<system-err>
<![CDATA[]]>	</system-err>
	<testcase classname="ModuleExperimentTestCase2" name="test_DETECTOR_GET_FRAME_response_format_when_NEGATIVE_PARAM" time="0.067"/>
	<testcase classname="ModuleExperimentTestCase2" name="test_DETECTOR_GET_FRAME_response_format_when_POSITIVE_PARAM" time="0.002"/>
	<testcase classname="ModuleExperimentTestCase2" name="test_EXPERIMENT_START_response_format_when_ADVANCED_EXPERIMENT" time="0.002"/>
	<testcase classname="ModuleExperimentTestCase2" name="test_EXPERIMENT_START_response_format_when_SIMPLE_EXPERIMENT" time="0.002"/>
	<testcase classname="ModuleExperimentTestCase2" name="test_EXPERIMENT_STOP_response_format" time="0.001"/>
	<testcase classname="ModuleExperimentTestCase2" name="test_MOTOR_MOVE_AWAY_response_format" time="0.199"/>
	<testcase classname="ModuleExperimentTestCase2" name="test_MOTOR_MOVE_BACK_response_format" time="0.063"/>
	<testcase classname="ModuleExperimentTestCase2" name="test_MOTOR_RESET_ANGLE_response_format" time="0.066"/>
	<testcase classname="ModuleExperimentTestCase2" name="test_MOTOR_SET_ANGLE_response_format" time="0.188"/>
	<testcase classname="ModuleExperimentTestCase2" name="test_MOTOR_SET_X_response_format_when_HIGH_PARAM" time="0.002"/>
	<testcase classname="ModuleExperimentTestCase2" name="test_MOTOR_SET_X_response_format_when_LOW_PARAM" time="0.001"/>
	<testcase classname="ModuleExperimentTestCase2" name="test_MOTOR_SET_X_response_format_when_NORMAL_PARAM" time="0.181"/>
	<testcase classname="ModuleExperimentTestCase2" name="test_MOTOR_SET_Y_response_format_when_HIGH_PARAM" time="0.003"/>
	<testcase classname="ModuleExperimentTestCase2" name="test_MOTOR_SET_Y_response_format_when_LOW_PARAM" time="0.002"/>
	<testcase classname="ModuleExperimentTestCase2" name="test_MOTOR_SET_Y_response_format_when_NORMAL_PARAM" time="0.232"/>
	<testcase classname="ModuleExperimentTestCase2" name="test_SHUTTER_CLOSE_response_format_when_NEGATIVE_PARAM" time="0.003"/>
	<testcase classname="ModuleExperimentTestCase2" name="test_SHUTTER_CLOSE_response_format_when_POSITIVE_PARAM" time="0.131"/>
	<testcase classname="ModuleExperimentTestCase2" name="test_SHUTTER_CLOSE_response_format_when_ZERO_PARAM" time="0.117"/>
	<testcase classname="ModuleExperimentTestCase2" name="test_SHUTTER_OPEN_response_format_when_NEGATIVE_PARAM" time="0.002"/>
	<testcase classname="ModuleExperimentTestCase2" name="test_SHUTTER_OPEN_response_format_when_POSITIVE_PARAM" time="0.119"/>
	<testcase classname="ModuleExperimentTestCase2" name="test_SHUTTER_OPEN_response_format_when_ZERO_PARAM" time="0.124"/>
	<testcase classname="ModuleExperimentTestCase2" name="test_SOURCE_POWER_OFF_response_format" time="0.061"/>
	<testcase classname="ModuleExperimentTestCase2" name="test_SOURCE_POWER_ON_response_format" time="0.060"/>
	<testcase classname="ModuleExperimentTestCase2" name="test_SOURCE_SET_CURRENT_response_format_when_HIGH_PARAM" time="0.002"/>
	<testcase classname="ModuleExperimentTestCase2" name="test_SOURCE_SET_CURRENT_response_format_when_LOW_PARAM" time="0.002"/>
	<testcase classname="ModuleExperimentTestCase2" name="test_SOURCE_SET_CURRENT_response_format_when_NORMAL_PARAM" time="0.180"/>
	<testcase classname="ModuleExperimentTestCase2" name="test_SOURCE_SET_VOLTAGE_response_format_when_HIGH_PARAM" time="0.004"/>
	<testcase classname="ModuleExperimentTestCase2" name="test_SOURCE_SET_VOLTAGE_response_format_when_LOW_PARAM" time="0.003"/>
	<testcase classname="ModuleExperimentTestCase2" name="test_SOURCE_SET_VOLTAGE_response_format_when_NORMAL_PARAM" time="0.174"/>
</testsuite>
