<?xml version="1.0" encoding="UTF-8"?>
<testsuite errors="0" failures="0" name="main.tests.LoginTest-20150414152829" tests="1" time="0.097">
	<properties/>
	<system-out>
<![CDATA[]]>	</system-out>
	<system-err>
<![CDATA[]]>	</system-err>
	<testcase classname="main.tests.LoginTest" name="test_login_page" time="0.097"/>
</testsuite>
